# JRE version: Java(TM) SE Runtime Environment (23.0.2+7) (build 23.0.2+7-58)
# Java VM: Java HotSpot(TM) 64-Bit Server VM (23.0.2+7-58, mixed mode, sharing, tiered, compressed oops, compressed class ptrs, g1 gc, windows-amd64)
GC Precious Log:
 CardTable entry size: 512
 Card Set container configuration: InlinePtr #cards 5 size 8 Array Of Cards #cards 10 size 36 Howl #buckets 4 coarsen threshold 1843 Howl Bitmap #cards 512 size 80 coarsen threshold 460 Card regions per heap region 1 cards per card region 2048
 CPUs: 16 total, 16 available
 Memory: 15776M
 Large Page Support: Disabled
 NUMA Support: Disabled
 Compressed Oops: Enabled (32-bit)
 Heap Region Size: 1M
 Heap Min Capacity: 64M
 Heap Initial Capacity: 64M
 Heap Max Capacity: 64M
 Pre-touch: Disabled
 Parallel Workers: 13
 Concurrent Workers: 3
 Concurrent Refinement Workers: 13
 Periodic GC: Disabled
Heap:
 garbage-first heap   total reserved 65536K, committed 65536K, used 15742K [0x00000000fc000000, 0x0000000100000000)
  region size 1024K, 5 young (5120K), 1 survivors (1024K)
 Metaspace       used 10366K, committed 10688K, reserved 1114112K
  class space    used 1384K, committed 1536K, reserved 1048576K
GC Heap History (16 events):
Event: 0.389 GC heap before
{Heap before GC invocations=0 (full 0):
 garbage-first heap   total reserved 65536K, committed 65536K, used 23552K [0x00000000fc000000, 0x0000000100000000)
  region size 1024K, 24 young (24576K), 0 survivors (0K)
 Metaspace       used 1712K, committed 1920K, reserved 1114112K
  class space    used 152K, committed 256K, reserved 1048576K
}
Event: 0.393 GC heap after
{Heap after GC invocations=1 (full 0):
 garbage-first heap   total reserved 65536K, committed 65536K, used 4304K [0x00000000fc000000, 0x0000000100000000)
  region size 1024K, 3 young (3072K), 3 survivors (3072K)
 Metaspace       used 1712K, committed 1920K, reserved 1114112K
  class space    used 152K, committed 256K, reserved 1048576K
}
Event: 0.857 GC heap before
{Heap before GC invocations=1 (full 0):
 garbage-first heap   total reserved 65536K, committed 65536K, used 29904K [0x00000000fc000000, 0x0000000100000000)
  region size 1024K, 26 young (26624K), 3 survivors (3072K)
 Metaspace       used 7322K, committed 7552K, reserved 1114112K
  class space    used 1007K, committed 1088K, reserved 1048576K
}
Event: 0.861 GC heap after
{Heap after GC invocations=2 (full 0):
 garbage-first heap   total reserved 65536K, committed 65536K, used 11506K [0x00000000fc000000, 0x0000000100000000)
  region size 1024K, 4 young (4096K), 4 survivors (4096K)
 Metaspace       used 7322K, committed 7552K, reserved 1114112K
  class space    used 1007K, committed 1088K, reserved 1048576K
}
Event: 1689.057 GC heap before
{Heap before GC invocations=2 (full 0):
 garbage-first heap   total reserved 65536K, committed 65536K, used 38130K [0x00000000fc000000, 0x0000000100000000)
  region size 1024K, 30 young (30720K), 4 survivors (4096K)
 Metaspace       used 10330K, committed 10688K, reserved 1114112K
  class space    used 1384K, committed 1536K, reserved 1048576K
}
Event: 1689.117 GC heap after
{Heap after GC invocations=3 (full 0):
 garbage-first heap   total reserved 65536K, committed 65536K, used 12831K [0x00000000fc000000, 0x0000000100000000)
  region size 1024K, 2 young (2048K), 2 survivors (2048K)
 Metaspace       used 10330K, committed 10688K, reserved 1114112K
  class space    used 1384K, committed 1536K, reserved 1048576K
}
Event: 4862.451 GC heap before
{Heap before GC invocations=3 (full 0):
 garbage-first heap   total reserved 65536K, committed 65536K, used 41503K [0x00000000fc000000, 0x0000000100000000)
  region size 1024K, 30 young (30720K), 2 survivors (2048K)
 Metaspace       used 10331K, committed 10688K, reserved 1114112K
  class space    used 1384K, committed 1536K, reserved 1048576K
}
Event: 4862.478 GC heap after
{Heap after GC invocations=4 (full 0):
 garbage-first heap   total reserved 65536K, committed 65536K, used 12651K [0x00000000fc000000, 0x0000000100000000)
  region size 1024K, 1 young (1024K), 1 survivors (1024K)
 Metaspace       used 10331K, committed 10688K, reserved 1114112K
  class space    used 1384K, committed 1536K, reserved 1048576K
}
Event: 8417.848 GC heap before
{Heap before GC invocations=4 (full 0):
 garbage-first heap   total reserved 65536K, committed 65536K, used 44395K [0x00000000fc000000, 0x0000000100000000)
  region size 1024K, 32 young (32768K), 1 survivors (1024K)
 Metaspace       used 10352K, committed 10688K, reserved 1114112K
  class space    used 1384K, committed 1536K, reserved 1048576K
}
Event: 8417.888 GC heap after
{Heap after GC invocations=5 (full 0):
 garbage-first heap   total reserved 65536K, committed 65536K, used 12700K [0x00000000fc000000, 0x0000000100000000)
  region size 1024K, 1 young (1024K), 1 survivors (1024K)
 Metaspace       used 10352K, committed 10688K, reserved 1114112K
  class space    used 1384K, committed 1536K, reserved 1048576K
}
Event: 12214.353 GC heap before
{Heap before GC invocations=5 (full 0):
 garbage-first heap   total reserved 65536K, committed 65536K, used 46492K [0x00000000fc000000, 0x0000000100000000)
  region size 1024K, 34 young (34816K), 1 survivors (1024K)
 Metaspace       used 10354K, committed 10688K, reserved 1114112K
  class space    used 1384K, committed 1536K, reserved 1048576K
}
Event: 12214.397 GC heap after
{Heap after GC invocations=6 (full 0):
 garbage-first heap   total reserved 65536K, committed 65536K, used 12700K [0x00000000fc000000, 0x0000000100000000)
  region size 1024K, 1 young (1024K), 1 survivors (1024K)
 Metaspace       used 10354K, committed 10688K, reserved 1114112K
  class space    used 1384K, committed 1536K, reserved 1048576K
}
Event: 16163.751 GC heap before
{Heap before GC invocations=6 (full 0):
 garbage-first heap   total reserved 65536K, committed 65536K, used 48540K [0x00000000fc000000, 0x0000000100000000)
  region size 1024K, 36 young (36864K), 1 survivors (1024K)
 Metaspace       used 10366K, committed 10688K, reserved 1114112K
  class space    used 1384K, committed 1536K, reserved 1048576K
}
Event: 16163.781 GC heap after
{Heap after GC invocations=7 (full 0):
 garbage-first heap   total reserved 65536K, committed 65536K, used 12654K [0x00000000fc000000, 0x0000000100000000)
  region size 1024K, 1 young (1024K), 1 survivors (1024K)
 Metaspace       used 10366K, committed 10688K, reserved 1114112K
  class space    used 1384K, committed 1536K, reserved 1048576K
}
Event: 20312.559 GC heap before
{Heap before GC invocations=7 (full 0):
 garbage-first heap   total reserved 65536K, committed 65536K, used 49518K [0x00000000fc000000, 0x0000000100000000)
  region size 1024K, 37 young (37888K), 1 survivors (1024K)
 Metaspace       used 10366K, committed 10688K, reserved 1114112K
  class space    used 1384K, committed 1536K, reserved 1048576K
}
Event: 20312.582 GC heap after
{Heap after GC invocations=8 (full 0):
 garbage-first heap   total reserved 65536K, committed 65536K, used 12670K [0x00000000fc000000, 0x0000000100000000)
  region size 1024K, 1 young (1024K), 1 survivors (1024K)
 Metaspace       used 10366K, committed 10688K, reserved 1114112K
  class space    used 1384K, committed 1536K, reserved 1048576K
}

